<?xml version="1.0" encoding="UTF-8"?>
<testng-results ignored="4" total="8" passed="4" failed="0" skipped="0">
  <reporter-output>
    <line>
      <![CDATA[CreateOrgwithIndustryTest verified==pass]]>
    </line>
    <line>
      <![CDATA[tc_01Test verified==pass]]>
    </line>
    <line>
      <![CDATA[tc_02Test verified==pass]]>
    </line>
    <line>
      <![CDATA[verifylogoTest verified==pass]]>
    </line>
  </reporter-output>
  <suite started-at="2025-03-05T22:08:40 IST" name="Suite" finished-at="2025-03-05T22:09:03 IST" duration-ms="22797">
    <groups>
      <group name="regression">
        <method signature="OrganizationmoduleTest.CreateOrgwithIndustryTest(java.lang.reflect.Method)[pri:0, instance:orgtest.OrganizationmoduleTest@548a24a]" name="CreateOrgwithIndustryTest" class="orgtest.OrganizationmoduleTest"/>
        <method signature="OrganizationmoduleTest.tc_01Test(java.lang.reflect.Method)[pri:0, instance:orgtest.OrganizationmoduleTest@548a24a]" name="tc_01Test" class="orgtest.OrganizationmoduleTest"/>
        <method signature="OrganizationmoduleTest.tc_02Test(java.lang.reflect.Method)[pri:0, instance:orgtest.OrganizationmoduleTest@548a24a]" name="tc_02Test" class="orgtest.OrganizationmoduleTest"/>
        <method signature="OrganizationmoduleTest.verifylogoTest(java.lang.reflect.Method)[pri:0, instance:orgtest.OrganizationmoduleTest@548a24a]" name="verifylogoTest" class="orgtest.OrganizationmoduleTest"/>
      </group> <!-- regression -->
    </groups>
    <test started-at="2025-03-05T22:08:40 IST" name="Test" finished-at="2025-03-05T22:09:03 IST" duration-ms="22797">
      <class name="orgtest.OrganizationmoduleTest">
        <test-method is-config="true" signature="configAS()[pri:0, instance:orgtest.OrganizationmoduleTest@548a24a]" started-at="2025-03-05T22:08:40 IST" name="configAS" finished-at="2025-03-05T22:08:40 IST" duration-ms="20" status="PASS">
          <reporter-output>
          </reporter-output>
        </test-method> <!-- configAS -->
        <test-method is-config="true" signature="configBC()[pri:0, instance:orgtest.OrganizationmoduleTest@548a24a]" started-at="2025-03-05T22:08:40 IST" name="configBC" finished-at="2025-03-05T22:08:43 IST" duration-ms="3421" status="PASS">
          <reporter-output>
          </reporter-output>
        </test-method> <!-- configBC -->
        <test-method is-config="true" signature="configBM()[pri:0, instance:orgtest.OrganizationmoduleTest@548a24a]" started-at="2025-03-05T22:08:43 IST" name="configBM" finished-at="2025-03-05T22:08:47 IST" duration-ms="3479" status="PASS">
          <reporter-output>
          </reporter-output>
        </test-method> <!-- configBM -->
        <test-method signature="CreateOrgwithIndustryTest(java.lang.reflect.Method)[pri:0, instance:orgtest.OrganizationmoduleTest@548a24a]" started-at="2025-03-05T22:08:47 IST" name="CreateOrgwithIndustryTest" finished-at="2025-03-05T22:08:54 IST" duration-ms="7119" status="PASS">
          <params>
            <param index="0">
              <value>
                <![CDATA[public void orgtest.OrganizationmoduleTest.CreateOrgwithIndustryTest(java.lang.reflect.Method) throws java.io.IOException]]>
              </value>
            </param>
          </params>
          <reporter-output>
            <line>
              <![CDATA[CreateOrgwithIndustryTest verified==pass]]>
            </line>
          </reporter-output>
        </test-method> <!-- CreateOrgwithIndustryTest -->
        <test-method is-config="true" signature="configAM()[pri:0, instance:orgtest.OrganizationmoduleTest@548a24a]" started-at="2025-03-05T22:08:54 IST" name="configAM" finished-at="2025-03-05T22:08:55 IST" duration-ms="819" status="PASS">
          <reporter-output>
          </reporter-output>
        </test-method> <!-- configAM -->
        <test-method is-config="true" signature="configBM()[pri:0, instance:orgtest.OrganizationmoduleTest@548a24a]" started-at="2025-03-05T22:08:55 IST" name="configBM" finished-at="2025-03-05T22:08:56 IST" duration-ms="1374" status="PASS">
          <reporter-output>
          </reporter-output>
        </test-method> <!-- configBM -->
        <test-method signature="tc_01Test(java.lang.reflect.Method)[pri:0, instance:orgtest.OrganizationmoduleTest@548a24a]" started-at="2025-03-05T22:08:56 IST" name="tc_01Test" finished-at="2025-03-05T22:08:56 IST" duration-ms="74" status="PASS">
          <params>
            <param index="0">
              <value>
                <![CDATA[public void orgtest.OrganizationmoduleTest.tc_01Test(java.lang.reflect.Method)]]>
              </value>
            </param>
          </params>
          <reporter-output>
            <line>
              <![CDATA[tc_01Test verified==pass]]>
            </line>
          </reporter-output>
        </test-method> <!-- tc_01Test -->
        <test-method is-config="true" signature="configAM()[pri:0, instance:orgtest.OrganizationmoduleTest@548a24a]" started-at="2025-03-05T22:08:56 IST" name="configAM" finished-at="2025-03-05T22:08:57 IST" duration-ms="917" status="PASS">
          <reporter-output>
          </reporter-output>
        </test-method> <!-- configAM -->
        <test-method is-config="true" signature="configBM()[pri:0, instance:orgtest.OrganizationmoduleTest@548a24a]" started-at="2025-03-05T22:08:57 IST" name="configBM" finished-at="2025-03-05T22:08:59 IST" duration-ms="1387" status="PASS">
          <reporter-output>
          </reporter-output>
        </test-method> <!-- configBM -->
        <test-method signature="tc_02Test(java.lang.reflect.Method)[pri:0, instance:orgtest.OrganizationmoduleTest@548a24a]" started-at="2025-03-05T22:08:59 IST" name="tc_02Test" finished-at="2025-03-05T22:08:59 IST" duration-ms="52" status="PASS">
          <params>
            <param index="0">
              <value>
                <![CDATA[public void orgtest.OrganizationmoduleTest.tc_02Test(java.lang.reflect.Method)]]>
              </value>
            </param>
          </params>
          <reporter-output>
            <line>
              <![CDATA[tc_02Test verified==pass]]>
            </line>
          </reporter-output>
        </test-method> <!-- tc_02Test -->
        <test-method is-config="true" signature="configAM()[pri:0, instance:orgtest.OrganizationmoduleTest@548a24a]" started-at="2025-03-05T22:08:59 IST" name="configAM" finished-at="2025-03-05T22:09:00 IST" duration-ms="943" status="PASS">
          <reporter-output>
          </reporter-output>
        </test-method> <!-- configAM -->
        <test-method is-config="true" signature="configBM()[pri:0, instance:orgtest.OrganizationmoduleTest@548a24a]" started-at="2025-03-05T22:09:00 IST" name="configBM" finished-at="2025-03-05T22:09:01 IST" duration-ms="1285" status="PASS">
          <reporter-output>
          </reporter-output>
        </test-method> <!-- configBM -->
        <test-method signature="verifylogoTest(java.lang.reflect.Method)[pri:0, instance:orgtest.OrganizationmoduleTest@548a24a]" started-at="2025-03-05T22:09:01 IST" name="verifylogoTest" finished-at="2025-03-05T22:09:01 IST" duration-ms="48" status="PASS">
          <params>
            <param index="0">
              <value>
                <![CDATA[public void orgtest.OrganizationmoduleTest.verifylogoTest(java.lang.reflect.Method) throws java.io.IOException,java.lang.InterruptedException]]>
              </value>
            </param>
          </params>
          <reporter-output>
            <line>
              <![CDATA[verifylogoTest verified==pass]]>
            </line>
          </reporter-output>
        </test-method> <!-- verifylogoTest -->
        <test-method is-config="true" signature="configAM()[pri:0, instance:orgtest.OrganizationmoduleTest@548a24a]" started-at="2025-03-05T22:09:01 IST" name="configAM" finished-at="2025-03-05T22:09:02 IST" duration-ms="1324" status="PASS">
          <reporter-output>
          </reporter-output>
        </test-method> <!-- configAM -->
        <test-method is-config="true" signature="configAC()[pri:0, instance:orgtest.OrganizationmoduleTest@548a24a]" started-at="2025-03-05T22:09:02 IST" name="configAC" finished-at="2025-03-05T22:09:03 IST" duration-ms="456" status="PASS">
          <reporter-output>
          </reporter-output>
        </test-method> <!-- configAC -->
        <test-method is-config="true" signature="configBS()[pri:0, instance:orgtest.OrganizationmoduleTest@548a24a]" started-at="2025-03-05T22:09:03 IST" name="configBS" finished-at="2025-03-05T22:09:03 IST" duration-ms="0" status="PASS">
          <reporter-output>
          </reporter-output>
        </test-method> <!-- configBS -->
      </class> <!-- orgtest.OrganizationmoduleTest -->
    </test> <!-- Test -->
  </suite> <!-- Suite -->
</testng-results>
