<?xml version="1.0" encoding="UTF-8"?>
<!-- Generated by org.testng.reporters.JUnitXMLReporter -->
<testsuite ignored="4" hostname="HP_Prameela" failures="0" tests="4" name="Test" time="22.797" errors="0" timestamp="2025-03-05T22:09:03 IST">
  <testcase classname="orgtest.OrganizationmoduleTest" name="CreateOrgwithIndustryTest" time="7.119"/>
  <testcase classname="orgtest.OrganizationmoduleTest" name="tc_01Test" time="0.074"/>
  <testcase classname="orgtest.OrganizationmoduleTest" name="tc_02Test" time="0.052"/>
  <testcase classname="orgtest.OrganizationmoduleTest" name="verifylogoTest" time="0.048"/>
  <testcase classname="orgtest.OrganizationmoduleTest" name="CreateOrgwithPhonenumTest" time="0.0">
    <ignored/>
  </testcase> <!-- CreateOrgwithPhonenumTest -->
  <testcase classname="com.crm.basetestutility.Basetest" name="@AfterSuite configBS" time="0.0">
    <ignored/>
  </testcase> <!-- @AfterSuite configBS -->
  <testcase classname="com.crm.campaigntest.campaignTest" name="navigatetoCampaignPageTest" time="0.0">
    <ignored/>
  </testcase> <!-- navigatetoCampaignPageTest -->
  <testcase classname="com.crm.basetestutility.Basetest" name="@BeforeSuite configAS" time="0.0">
    <ignored/>
  </testcase> <!-- @BeforeSuite configAS -->
</testsuite> <!-- Test -->
